{"/Users/federicoorlandau/Projects/learning/odyssey-lift-off-part5-server/src/resolvers.ts": {"path":"/Users/federicoorlandau/Projects/learning/odyssey-lift-off-part5-server/src/resolvers.ts","statementMap":{"0":{"start":{"line":1,"column":0},"end":{"line":1,"column":44}},"1":{"start":{"line":4,"column":29},"end":{"line":57,"column":2}},"2":{"start":{"line":7,"column":34},"end":{"line":7,"column":60}},"3":{"start":{"line":9,"column":47},"end":{"line":9,"column":86}},"4":{"start":{"line":12,"column":43},"end":{"line":12,"column":76}},"5":{"start":{"line":15,"column":44},"end":{"line":15,"column":78}},"6":{"start":{"line":20,"column":6},"end":{"line":43,"column":null}},"7":{"start":{"line":21,"column":22},"end":{"line":21,"column":72}},"8":{"start":{"line":22,"column":8},"end":{"line":27,"column":10}},"9":{"start":{"line":29,"column":8},"end":{"line":36,"column":null}},"10":{"start":{"line":30,"column":10},"end":{"line":35,"column":12}},"11":{"start":{"line":37,"column":8},"end":{"line":42,"column":10}},"12":{"start":{"line":47,"column":50},"end":{"line":47,"column":90}},"13":{"start":{"line":49,"column":45},"end":{"line":49,"column":85}},"14":{"start":{"line":51,"column":39},"end":{"line":51,"column":50}},"15":{"start":{"line":55,"column":39},"end":{"line":55,"column":50}},"16":{"start":{"line":59,"column":0},"end":{"line":59,"column":25}}},"fnMap":{"0":{"name":"(anonymous_0)","decl":{"start":{"line":7,"column":11},"end":{"line":7,"column":12}},"loc":{"start":{"line":7,"column":34},"end":{"line":7,"column":60}}},"1":{"name":"(anonymous_1)","decl":{"start":{"line":9,"column":19},"end":{"line":9,"column":20}},"loc":{"start":{"line":9,"column":47},"end":{"line":9,"column":86}}},"2":{"name":"(anonymous_2)","decl":{"start":{"line":12,"column":11},"end":{"line":12,"column":12}},"loc":{"start":{"line":12,"column":43},"end":{"line":12,"column":76}}},"3":{"name":"(anonymous_3)","decl":{"start":{"line":15,"column":12},"end":{"line":15,"column":13}},"loc":{"start":{"line":15,"column":44},"end":{"line":15,"column":78}}},"4":{"name":"(anonymous_4)","decl":{"start":{"line":19,"column":25},"end":{"line":19,"column":30}},"loc":{"start":{"line":19,"column":62},"end":{"line":44,"column":5}}},"5":{"name":"(anonymous_5)","decl":{"start":{"line":47,"column":12},"end":{"line":47,"column":13}},"loc":{"start":{"line":47,"column":50},"end":{"line":47,"column":90}}},"6":{"name":"(anonymous_6)","decl":{"start":{"line":49,"column":13},"end":{"line":49,"column":14}},"loc":{"start":{"line":49,"column":45},"end":{"line":49,"column":85}}},"7":{"name":"(anonymous_7)","decl":{"start":{"line":51,"column":23},"end":{"line":51,"column":24}},"loc":{"start":{"line":51,"column":39},"end":{"line":51,"column":50}}},"8":{"name":"(anonymous_8)","decl":{"start":{"line":55,"column":23},"end":{"line":55,"column":24}},"loc":{"start":{"line":55,"column":39},"end":{"line":55,"column":50}}}},"branchMap":{"0":{"loc":{"start":{"line":7,"column":43},"end":{"line":7,"column":58}},"type":"binary-expr","locations":[{"start":{"line":7,"column":43},"end":{"line":7,"column":47}},{"start":{"line":7,"column":51},"end":{"line":7,"column":58}}]},"1":{"loc":{"start":{"line":29,"column":8},"end":{"line":36,"column":null}},"type":"if","locations":[{"start":{"line":29,"column":8},"end":{"line":36,"column":null}}]},"2":{"loc":{"start":{"line":51,"column":39},"end":{"line":51,"column":50}},"type":"binary-expr","locations":[{"start":{"line":51,"column":39},"end":{"line":51,"column":45}},{"start":{"line":51,"column":49},"end":{"line":51,"column":50}}]},"3":{"loc":{"start":{"line":55,"column":39},"end":{"line":55,"column":50}},"type":"binary-expr","locations":[{"start":{"line":55,"column":39},"end":{"line":55,"column":45}},{"start":{"line":55,"column":49},"end":{"line":55,"column":50}}]}},"s":{"0":2,"1":2,"2":1,"3":1,"4":0,"5":0,"6":0,"7":0,"8":0,"9":0,"10":0,"11":0,"12":0,"13":0,"14":0,"15":0,"16":2},"f":{"0":1,"1":1,"2":0,"3":0,"4":0,"5":0,"6":0,"7":0,"8":0},"b":{"0":[1,0],"1":[0],"2":[0,0],"3":[0,0]}}
,"/Users/federicoorlandau/Projects/learning/odyssey-lift-off-part5-server/src/schema.ts": {"path":"/Users/federicoorlandau/Projects/learning/odyssey-lift-off-part5-server/src/schema.ts","statementMap":{"0":{"start":{"line":1,"column":0},"end":{"line":1,"column":36}},"1":{"start":{"line":3,"column":17},"end":{"line":79,"column":2}},"2":{"start":{"line":81,"column":0},"end":{"line":81,"column":24}}},"fnMap":{},"branchMap":{},"s":{"0":2,"1":2,"2":2},"f":{},"b":{}}
,"/Users/federicoorlandau/Projects/learning/odyssey-lift-off-part5-server/src/server.ts": {"path":"/Users/federicoorlandau/Projects/learning/odyssey-lift-off-part5-server/src/server.ts","statementMap":{"0":{"start":{"line":1,"column":0},"end":{"line":1,"column":45}},"1":{"start":{"line":2,"column":0},"end":{"line":2,"column":36}},"2":{"start":{"line":3,"column":0},"end":{"line":3,"column":47}},"3":{"start":{"line":4,"column":0},"end":{"line":4,"column":32}},"4":{"start":{"line":7,"column":17},"end":{"line":13,"column":4}},"5":{"start":{"line":10,"column":24},"end":{"line":12,"column":6}},"6":{"start":{"line":15,"column":2},"end":{"line":17,"column":5}},"7":{"start":{"line":6,"column":0},"end":{"line":6,"column":15}}},"fnMap":{"0":{"name":"startApolloServer","decl":{"start":{"line":6,"column":30},"end":{"line":6,"column":47}},"loc":{"start":{"line":6,"column":47},"end":{"line":18,"column":1}}},"1":{"name":"(anonymous_2)","decl":{"start":{"line":10,"column":17},"end":{"line":10,"column":20}},"loc":{"start":{"line":10,"column":24},"end":{"line":12,"column":6}}}},"branchMap":{"0":{"loc":{"start":{"line":16,"column":10},"end":{"line":16,"column":34}},"type":"binary-expr","locations":[{"start":{"line":16,"column":10},"end":{"line":16,"column":26}},{"start":{"line":16,"column":30},"end":{"line":16,"column":34}}]}},"s":{"0":2,"1":2,"2":2,"3":2,"4":2,"5":2,"6":2,"7":2},"f":{"0":2,"1":2},"b":{"0":[2,2]}}
,"/Users/federicoorlandau/Projects/learning/odyssey-lift-off-part5-server/src/datasources/track-api.ts": {"path":"/Users/federicoorlandau/Projects/learning/odyssey-lift-off-part5-server/src/datasources/track-api.ts","statementMap":{"0":{"start":{"line":1,"column":0},"end":{"line":1,"column":56}},"1":{"start":{"line":5,"column":4},"end":{"line":5,"column":12}},"2":{"start":{"line":7,"column":4},"end":{"line":7,"column":69}},"3":{"start":{"line":11,"column":4},"end":{"line":11,"column":30}},"4":{"start":{"line":15,"column":4},"end":{"line":15,"column":43}},"5":{"start":{"line":19,"column":4},"end":{"line":19,"column":40}},"6":{"start":{"line":23,"column":4},"end":{"line":23,"column":48}},"7":{"start":{"line":27,"column":4},"end":{"line":27,"column":42}},"8":{"start":{"line":31,"column":4},"end":{"line":31,"column":56}},"9":{"start":{"line":3,"column":0},"end":{"line":3,"column":21}}},"fnMap":{"0":{"name":"(anonymous_0)","decl":{"start":{"line":4,"column":2},"end":{"line":4,"column":null}},"loc":{"start":{"line":4,"column":2},"end":{"line":8,"column":3}}},"1":{"name":"(anonymous_1)","decl":{"start":{"line":10,"column":2},"end":{"line":10,"column":18}},"loc":{"start":{"line":10,"column":18},"end":{"line":12,"column":3}}},"2":{"name":"(anonymous_2)","decl":{"start":{"line":14,"column":2},"end":{"line":14,"column":11}},"loc":{"start":{"line":14,"column":14},"end":{"line":16,"column":3}}},"3":{"name":"(anonymous_3)","decl":{"start":{"line":18,"column":2},"end":{"line":18,"column":10}},"loc":{"start":{"line":18,"column":18},"end":{"line":20,"column":3}}},"4":{"name":"(anonymous_4)","decl":{"start":{"line":22,"column":2},"end":{"line":22,"column":17}},"loc":{"start":{"line":22,"column":25},"end":{"line":24,"column":3}}},"5":{"name":"(anonymous_5)","decl":{"start":{"line":26,"column":2},"end":{"line":26,"column":11}},"loc":{"start":{"line":26,"column":20},"end":{"line":28,"column":3}}},"6":{"name":"(anonymous_6)","decl":{"start":{"line":30,"column":2},"end":{"line":30,"column":21}},"loc":{"start":{"line":30,"column":29},"end":{"line":32,"column":3}}}},"branchMap":{},"s":{"0":2,"1":2,"2":2,"3":1,"4":0,"5":0,"6":0,"7":0,"8":0,"9":2},"f":{"0":2,"1":1,"2":0,"3":0,"4":0,"5":0,"6":0},"b":{}}
,"/Users/federicoorlandau/Projects/learning/odyssey-lift-off-part5-server/tests/utils.ts": {"path":"/Users/federicoorlandau/Projects/learning/odyssey-lift-off-part5-server/tests/utils.ts","statementMap":{"0":{"start":{"line":7,"column":4},"end":{"line":7,"column":19}},"1":{"start":{"line":1,"column":0},"end":{"line":1,"column":13}},"2":{"start":{"line":14,"column":2},"end":{"line":16,"column":null}},"3":{"start":{"line":15,"column":4},"end":{"line":15,"column":41}},"4":{"start":{"line":18,"column":2},"end":{"line":18,"column":19}},"5":{"start":{"line":13,"column":0},"end":{"line":13,"column":16}},"6":{"start":{"line":22,"column":2},"end":{"line":22,"column":20}},"7":{"start":{"line":21,"column":0},"end":{"line":21,"column":16}}},"fnMap":{"0":{"name":"(anonymous_0)","decl":{"start":{"line":4,"column":2},"end":{"line":4,"column":null}},"loc":{"start":{"line":5,"column":15},"end":{"line":8,"column":3}}},"1":{"name":"getTestUtils","decl":{"start":{"line":13,"column":16},"end":{"line":13,"column":28}},"loc":{"start":{"line":13,"column":28},"end":{"line":19,"column":1}}},"2":{"name":"setTestUtils","decl":{"start":{"line":21,"column":16},"end":{"line":21,"column":28}},"loc":{"start":{"line":21,"column":45},"end":{"line":23,"column":1}}}},"branchMap":{"0":{"loc":{"start":{"line":14,"column":2},"end":{"line":16,"column":null}},"type":"if","locations":[{"start":{"line":14,"column":2},"end":{"line":16,"column":null}}]}},"s":{"0":2,"1":2,"2":2,"3":0,"4":2,"5":2,"6":2,"7":2},"f":{"0":2,"1":2,"2":2},"b":{"0":[0]}}
}
