TN:
SF:src/resolvers.ts
FN:7,(anonymous_0)
FN:9,(anonymous_1)
FN:12,(anonymous_2)
FN:15,(anonymous_3)
FN:19,(anonymous_4)
FN:47,(anonymous_5)
FN:49,(anonymous_6)
FN:51,(anonymous_7)
FN:55,(anonymous_8)
FNF:9
FNH:2
FNDA:1,(anonymous_0)
FNDA:1,(anonymous_1)
FNDA:0,(anonymous_2)
FNDA:0,(anonymous_3)
FNDA:0,(anonymous_4)
FNDA:0,(anonymous_5)
FNDA:0,(anonymous_6)
FNDA:0,(anonymous_7)
FNDA:0,(anonymous_8)
DA:1,2
DA:4,2
DA:7,1
DA:9,1
DA:12,0
DA:15,0
DA:20,0
DA:21,0
DA:22,0
DA:29,0
DA:30,0
DA:37,0
DA:47,0
DA:49,0
DA:51,0
DA:55,0
DA:59,2
LF:17
LH:5
BRDA:7,0,0,1
BRDA:7,0,1,0
BRDA:29,1,0,0
BRDA:51,2,0,0
BRDA:51,2,1,0
BRDA:55,3,0,0
BRDA:55,3,1,0
BRF:7
BRH:1
end_of_record
TN:
SF:src/schema.ts
FNF:0
FNH:0
DA:1,2
DA:3,2
DA:81,2
LF:3
LH:3
BRF:0
BRH:0
end_of_record
TN:
SF:src/server.ts
FN:6,startApolloServer
FN:10,(anonymous_2)
FNF:2
FNH:2
FNDA:2,startApolloServer
FNDA:2,(anonymous_2)
DA:1,2
DA:2,2
DA:3,2
DA:4,2
DA:6,2
DA:7,2
DA:10,2
DA:15,2
LF:8
LH:8
BRDA:16,0,0,2
BRDA:16,0,1,2
BRF:2
BRH:2
end_of_record
TN:
SF:src/datasources/track-api.ts
FN:4,(anonymous_0)
FN:10,(anonymous_1)
FN:14,(anonymous_2)
FN:18,(anonymous_3)
FN:22,(anonymous_4)
FN:26,(anonymous_5)
FN:30,(anonymous_6)
FNF:7
FNH:2
FNDA:2,(anonymous_0)
FNDA:1,(anonymous_1)
FNDA:0,(anonymous_2)
FNDA:0,(anonymous_3)
FNDA:0,(anonymous_4)
FNDA:0,(anonymous_5)
FNDA:0,(anonymous_6)
DA:1,2
DA:3,2
DA:5,2
DA:7,2
DA:11,1
DA:15,0
DA:19,0
DA:23,0
DA:27,0
DA:31,0
LF:10
LH:5
BRF:0
BRH:0
end_of_record
TN:
SF:tests/utils.ts
FN:4,(anonymous_0)
FN:13,getTestUtils
FN:21,setTestUtils
FNF:3
FNH:3
FNDA:2,(anonymous_0)
FNDA:2,getTestUtils
FNDA:2,setTestUtils
DA:1,2
DA:7,2
DA:13,2
DA:14,2
DA:15,0
DA:18,2
DA:21,2
DA:22,2
LF:8
LH:7
BRDA:14,0,0,0
BRF:1
BRH:0
end_of_record
